2025-06-20 12:00:16.331 INFO  c.k.katalon.core.main.TestSuiteExecutor  - START Test Suites/Reserve Medical Appointment Suite
2025-06-20 12:00:16.441 INFO  c.k.katalon.core.main.TestSuiteExecutor  - userFullName = Nedaa Gehad
2025-06-20 12:00:16.442 INFO  c.k.katalon.core.main.TestSuiteExecutor  - projectName = Levelup To Automation With Katalon
2025-06-20 12:00:16.442 INFO  c.k.katalon.core.main.TestSuiteExecutor  - hostName = user - host.docker.internal
2025-06-20 12:00:16.442 INFO  c.k.katalon.core.main.TestSuiteExecutor  - os = Windows 11 64bit
2025-06-20 12:00:16.443 INFO  c.k.katalon.core.main.TestSuiteExecutor  - hostAddress = 192.168.100.16
2025-06-20 12:00:16.443 INFO  c.k.katalon.core.main.TestSuiteExecutor  - katalonVersion = 10.2.1.0
2025-06-20 12:00:16.983 INFO  c.k.katalon.core.main.TestCaseExecutor   - --------------------
2025-06-20 12:00:16.983 INFO  c.k.katalon.core.main.TestCaseExecutor   - START Test Cases/Week 1 - Kickstart Test Automation/Reserve A Medical Appointment
2025-06-20 12:00:17.329 DEBUG testcase.Reserve A Medical Appointment   - 1: callTestCase(findTestCase("Week 1 - Kickstart Test Automation/Login"), ["UserName":"", "Password":""], STOP_ON_FAILURE)
2025-06-20 12:00:17.505 INFO  c.k.katalon.core.main.TestCaseExecutor   - --------------------
2025-06-20 12:00:17.505 INFO  c.k.katalon.core.main.TestCaseExecutor   - CALL Test Cases/Week 1 - Kickstart Test Automation/Login
2025-06-20 12:00:17.516 INFO  c.k.katalon.core.main.TestCaseExecutor   - UserName = 
2025-06-20 12:00:17.517 INFO  c.k.katalon.core.main.TestCaseExecutor   - Password = 
2025-06-20 12:00:17.564 DEBUG testcase.Login                           - 1: openBrowser("")
2025-06-20 12:00:17.724 INFO  c.k.k.core.webui.driver.DriverFactory    - Starting 'Firefox' driver
2025-06-20 12:00:17.842 INFO  c.k.k.core.webui.driver.DriverFactory    - Action delay is set to 0 milliseconds
Jun 20, 2025 12:00:21 PM org.openqa.selenium.firefox.FirefoxDriver <init>
WARNING: CDP support for Firefox is deprecated and will be removed in future versions. Please switch to WebDriver BiDi.
2025-06-20 12:00:21.625 INFO  c.k.k.core.webui.driver.DriverFactory    - sessionId = 640b28a7-8a4e-42db-870f-e3dd4d063353
2025-06-20 12:00:21.626 INFO  c.k.k.core.webui.driver.DriverFactory    - browser = Firefox 139.0.4
2025-06-20 12:00:21.626 INFO  c.k.k.core.webui.driver.DriverFactory    - platform = Windows 11
2025-06-20 12:00:21.627 INFO  c.k.k.core.webui.driver.DriverFactory    - seleniumVersion = 4.28.1
2025-06-20 12:00:21.631 INFO  c.k.k.core.webui.driver.DriverFactory    - proxyInformation = ProxyInformation { proxyOption=NO_PROXY, proxyServerType=HTTP, username=, password=********, proxyServerAddress=, proxyServerPort=0, executionList="", isApplyToDesiredCapabilities=true }
2025-06-20 12:00:21.670 DEBUG testcase.Login                           - 2: navigateToUrl("https://katalon-demo-cura.herokuapp.com/")
2025-06-20 12:00:23.508 DEBUG testcase.Login                           - 3: click(findTestObject("Object Repository/CURA Healthcare Service/Home Page/a_Make Appointment"))
2025-06-20 12:00:24.106 DEBUG testcase.Login                           - 4: setText(findTestObject("Object Repository/CURA Healthcare Service/Login/input_Username_username"), "John Doe")
2025-06-20 12:00:24.848 DEBUG testcase.Login                           - 5: setEncryptedText(findTestObject("Object Repository/CURA Healthcare Service/Login/input_Password_password"), "g3/DOGG74jC3Flrr3yH+3D/yKbOqqUNM")
2025-06-20 12:00:25.097 DEBUG testcase.Login                           - 6: click(findTestObject("Object Repository/CURA Healthcare Service/Login/button_Login"))
2025-06-20 12:00:25.656 DEBUG testcase.Login                           - 7: verifyElementText(findTestObject("Object Repository/CURA Healthcare Service/Home Page/h2_Make Appointment"), "Make Appointment")
2025-06-20 12:00:26.116 INFO  c.k.katalon.core.main.TestCaseExecutor   - END CALL Test Cases/Week 1 - Kickstart Test Automation/Login
2025-06-20 12:00:26.116 INFO  c.k.katalon.core.main.TestCaseExecutor   - --------------------
2025-06-20 12:00:26.122 DEBUG testcase.Reserve A Medical Appointment   - 2: callTestCase(findTestCase("Week 1 - Kickstart Test Automation/Make Appointment"), [:], STOP_ON_FAILURE)
2025-06-20 12:00:26.184 INFO  c.k.katalon.core.main.TestCaseExecutor   - --------------------
2025-06-20 12:00:26.185 INFO  c.k.katalon.core.main.TestCaseExecutor   - CALL Test Cases/Week 1 - Kickstart Test Automation/Make Appointment
2025-06-20 12:00:26.235 DEBUG testcase.Make Appointment                - 1: selectOptionByValue(findTestObject("Object Repository/CURA Healthcare Service/Make Appointment/select_Tokyo CURA Healthcare Center        _5b4107"), "Seoul CURA Healthcare Center", true)
2025-06-20 12:00:27.197 DEBUG testcase.Make Appointment                - 2: click(findTestObject("Object Repository/CURA Healthcare Service/Make Appointment/input_Apply for hospital readmission_hospit_63901f"))
2025-06-20 12:00:27.642 DEBUG testcase.Make Appointment                - 3: click(findTestObject("Object Repository/CURA Healthcare Service/Make Appointment/label_Medicaid"))
2025-06-20 12:00:28.078 DEBUG testcase.Make Appointment                - 4: click(findTestObject("Object Repository/CURA Healthcare Service/Make Appointment/span_Visit Date (Required)_glyphicon glyphi_cada34"))
2025-06-20 12:00:28.520 DEBUG testcase.Make Appointment                - 5: click(findTestObject("Object Repository/CURA Healthcare Service/Make Appointment/td_20"))
2025-06-20 12:00:28.964 DEBUG testcase.Make Appointment                - 6: setText(findTestObject("Object Repository/CURA Healthcare Service/Make Appointment/textarea_Comment_comment"), "test comment")
2025-06-20 12:00:29.439 DEBUG testcase.Make Appointment                - 7: click(findTestObject("Object Repository/CURA Healthcare Service/Make Appointment/button_Book Appointment"))
2025-06-20 12:00:29.889 DEBUG testcase.Make Appointment                - 8: verifyElementText(findTestObject("Object Repository/CURA Healthcare Service/Make Appointment/h2_Appointment Confirmation"), "Appointment Confirmation")
2025-06-20 12:00:30.345 INFO  c.k.katalon.core.main.TestCaseExecutor   - END CALL Test Cases/Week 1 - Kickstart Test Automation/Make Appointment
2025-06-20 12:00:30.345 INFO  c.k.katalon.core.main.TestCaseExecutor   - --------------------
2025-06-20 12:00:30.346 DEBUG testcase.Reserve A Medical Appointment   - 3: callTestCase(findTestCase("Week 1 - Kickstart Test Automation/Logout"), [:], STOP_ON_FAILURE)
2025-06-20 12:00:30.415 INFO  c.k.katalon.core.main.TestCaseExecutor   - --------------------
2025-06-20 12:00:30.415 INFO  c.k.katalon.core.main.TestCaseExecutor   - CALL Test Cases/Week 1 - Kickstart Test Automation/Logout
2025-06-20 12:00:30.458 DEBUG testcase.Logout                          - 1: click(findTestObject("Object Repository/CURA Healthcare Service/Logout/i_CURA Healthcare_fa fa-bars"))
2025-06-20 12:00:30.906 DEBUG testcase.Logout                          - 2: click(findTestObject("Object Repository/CURA Healthcare Service/Logout/a_Logout"))
2025-06-20 12:00:31.445 DEBUG testcase.Logout                          - 3: navigateToUrl("https://katalon-demo-cura.herokuapp.com/")
2025-06-20 12:00:31.619 DEBUG testcase.Logout                          - 4: verifyElementText(findTestObject("Object Repository/CURA Healthcare Service/Home Page/h1_CURA Healthcare Service"), "CURA Healthcare Service")
2025-06-20 12:00:32.067 INFO  c.k.katalon.core.main.TestCaseExecutor   - END CALL Test Cases/Week 1 - Kickstart Test Automation/Logout
2025-06-20 12:00:32.067 INFO  c.k.katalon.core.main.TestCaseExecutor   - --------------------
2025-06-20 12:00:32.069 INFO  c.k.katalon.core.main.TestCaseExecutor   - END Test Cases/Week 1 - Kickstart Test Automation/Reserve A Medical Appointment
Jun 20, 2025 12:00:32 PM org.openqa.selenium.devtools.CdpVersionFinder findNearestMatch
WARNING: Unable to find CDP implementation matching 85
2025-06-20 12:00:32.696 INFO  c.k.katalon.core.main.TestSuiteExecutor  - --------------------
2025-06-20 12:00:32.696 INFO  c.k.katalon.core.main.TestSuiteExecutor  - END Test Suites/Reserve Medical Appointment Suite
2025-06-20 12:00:32.696 INFO  c.k.katalon.core.main.TestSuiteExecutor  - ====================
